[0.068s] Invoking command in '/home/nardaiv/px4ros2_ws/build/px4_ros_com': CMAKE_PREFIX_PATH=/home/nardaiv/px4ros2_ws/install/px4_msgs:/home/nardaiv/px4ros2_ws/install/px4_ros_com:/opt/ros/humble LD_LIBRARY_PATH=/home/nardaiv/px4ros2_ws/install/px4_msgs/lib:/home/nardaiv/px4ros2_ws/install/px4_ros_com/lib:/opt/ros/humble/opt/rviz_ogre_vendor/lib:/opt/ros/humble/lib/x86_64-linux-gnu:/opt/ros/humble/lib /usr/bin/cmake --build /home/nardaiv/px4ros2_ws/build/px4_ros_com -- -j12 -l12
[0.117s] [35m[1mConsolidate compiler generated dependencies of target offboard_control[0m
[0.130s] [ 50%] Built target debug_vect_advertiser
[0.130s] [ 50%] Built target frame_transforms
[0.130s] [ 50%] Built target vehicle_gps_position_listener
[0.130s] [ 66%] Built target offboard_control_srv
[0.130s] [ 83%] Built target sensor_combined_listener
[0.137s] [ 83%] Built target ament_cmake_python_copy_px4_ros_com
[0.143s] [ 91%] [32mBuilding CXX object CMakeFiles/offboard_control.dir/src/examples/offboard/offboard_control.cpp.o[0m
[0.412s] running egg_info
[0.413s] writing px4_ros_com.egg-info/PKG-INFO
[0.414s] writing dependency_links to px4_ros_com.egg-info/dependency_links.txt
[0.414s] writing top-level names to px4_ros_com.egg-info/top_level.txt
[0.416s] reading manifest file 'px4_ros_com.egg-info/SOURCES.txt'
[0.417s] writing manifest file 'px4_ros_com.egg-info/SOURCES.txt'
[0.463s] [ 91%] Built target ament_cmake_python_build_px4_ros_com_egg
[3.636s] [01m[K/home/nardaiv/px4ros2_ws/src/px4_ros_com/src/examples/offboard/offboard_control.cpp:171:9:[m[K [01;31m[Kerror: [m[Knon-static data member declared with placeholder â€˜[01m[Kauto[m[Kâ€™
[3.636s]   171 |         [01;31m[Kauto[m[K current_msg;
[3.636s]       |         [01;31m[K^~~~[m[K
[7.058s] gmake[2]: *** [CMakeFiles/offboard_control.dir/build.make:76: CMakeFiles/offboard_control.dir/src/examples/offboard/offboard_control.cpp.o] Error 1
[7.058s] gmake[1]: *** [CMakeFiles/Makefile2:254: CMakeFiles/offboard_control.dir/all] Error 2
[7.058s] gmake: *** [Makefile:146: all] Error 2
[7.061s] Invoked command in '/home/nardaiv/px4ros2_ws/build/px4_ros_com' returned '2': CMAKE_PREFIX_PATH=/home/nardaiv/px4ros2_ws/install/px4_msgs:/home/nardaiv/px4ros2_ws/install/px4_ros_com:/opt/ros/humble LD_LIBRARY_PATH=/home/nardaiv/px4ros2_ws/install/px4_msgs/lib:/home/nardaiv/px4ros2_ws/install/px4_ros_com/lib:/opt/ros/humble/opt/rviz_ogre_vendor/lib:/opt/ros/humble/lib/x86_64-linux-gnu:/opt/ros/humble/lib /usr/bin/cmake --build /home/nardaiv/px4ros2_ws/build/px4_ros_com -- -j12 -l12
