[0.059s] Invoking command in '/home/nardaiv/px4ros2_ws/build/px4_ros_com': AMENT_PREFIX_PATH=/home/nardaiv/px4ros2_ws/install/px4_msgs:${AMENT_PREFIX_PATH} CMAKE_PREFIX_PATH=/home/nardaiv/px4ros2_ws/install/px4_msgs:/opt/ros/humble LD_LIBRARY_PATH=/home/nardaiv/px4ros2_ws/install/px4_msgs/lib:${LD_LIBRARY_PATH} PYTHONPATH=/home/nardaiv/px4ros2_ws/install/px4_msgs/local/lib/python3.10/dist-packages:${PYTHONPATH} /usr/bin/cmake --build /home/nardaiv/px4ros2_ws/build/px4_ros_com -- -j12 -l12
[0.142s] [35m[1mConsolidate compiler generated dependencies of target offboard_control[0m
[0.159s] [  0%] Built target ament_cmake_python_copy_px4_ros_com
[0.167s] [ 16%] Built target frame_transforms
[0.185s] [ 33%] Built target vehicle_gps_position_listener
[0.185s] [ 50%] Built target sensor_combined_listener
[0.186s] [ 58%] [32mBuilding CXX object CMakeFiles/offboard_control.dir/src/examples/offboard/offboard_control.cpp.o[0m
[0.190s] [ 91%] Built target offboard_control_srv
[0.190s] [ 91%] Built target debug_vect_advertiser
[0.449s] running egg_info
[0.450s] writing px4_ros_com.egg-info/PKG-INFO
[0.450s] writing dependency_links to px4_ros_com.egg-info/dependency_links.txt
[0.451s] writing top-level names to px4_ros_com.egg-info/top_level.txt
[0.454s] reading manifest file 'px4_ros_com.egg-info/SOURCES.txt'
[0.455s] writing manifest file 'px4_ros_com.egg-info/SOURCES.txt'
[0.485s] [ 91%] Built target ament_cmake_python_build_px4_ros_com_egg
[3.508s] [01m[K/home/nardaiv/px4ros2_ws/src/px4_ros_com/src/examples/offboard/offboard_control.cpp:[m[K In constructor â€˜[01m[KOffboardControl::OffboardControl()[m[Kâ€™:
[3.508s] [01m[K/home/nardaiv/px4ros2_ws/src/px4_ros_com/src/examples/offboard/offboard_control.cpp:69:17:[m[K [01;31m[Kerror: [m[Kâ€˜[01m[Ksubscription_[m[Kâ€™ was not declared in this scope; did you mean â€˜[01m[Krmw_subscription_t[m[Kâ€™?
[3.508s]    69 |                 [01;31m[Ksubscription_[m[K = this->create_subscription<VehicleLocalPosition>("/fmu/out/vehicle_local_position", qos,
[3.508s]       |                 [01;31m[K^~~~~~~~~~~~~[m[K
[3.508s]       |                 [32m[Krmw_subscription_t[m[K
[6.996s] gmake[2]: *** [CMakeFiles/offboard_control.dir/build.make:76: CMakeFiles/offboard_control.dir/src/examples/offboard/offboard_control.cpp.o] Error 1
[6.996s] gmake[1]: *** [CMakeFiles/Makefile2:254: CMakeFiles/offboard_control.dir/all] Error 2
[6.996s] gmake: *** [Makefile:146: all] Error 2
[6.999s] Invoked command in '/home/nardaiv/px4ros2_ws/build/px4_ros_com' returned '2': AMENT_PREFIX_PATH=/home/nardaiv/px4ros2_ws/install/px4_msgs:${AMENT_PREFIX_PATH} CMAKE_PREFIX_PATH=/home/nardaiv/px4ros2_ws/install/px4_msgs:/opt/ros/humble LD_LIBRARY_PATH=/home/nardaiv/px4ros2_ws/install/px4_msgs/lib:${LD_LIBRARY_PATH} PYTHONPATH=/home/nardaiv/px4ros2_ws/install/px4_msgs/local/lib/python3.10/dist-packages:${PYTHONPATH} /usr/bin/cmake --build /home/nardaiv/px4ros2_ws/build/px4_ros_com -- -j12 -l12
