[0.053s] Invoking command in '/home/nardaiv/px4ros2_ws/build/px4_ros_com': AMENT_PREFIX_PATH=/home/nardaiv/px4ros2_ws/install/px4_msgs:${AMENT_PREFIX_PATH} CMAKE_PREFIX_PATH=/home/nardaiv/px4ros2_ws/install/px4_msgs:/opt/ros/humble LD_LIBRARY_PATH=/home/nardaiv/px4ros2_ws/install/px4_msgs/lib:${LD_LIBRARY_PATH} PYTHONPATH=/home/nardaiv/px4ros2_ws/install/px4_msgs/local/lib/python3.10/dist-packages:${PYTHONPATH} /usr/bin/cmake --build /home/nardaiv/px4ros2_ws/build/px4_ros_com -- -j12 -l12
[0.095s] [35m[1mConsolidate compiler generated dependencies of target offboard_control[0m
[0.108s] [ 50%] Built target frame_transforms
[0.108s] [ 50%] Built target vehicle_gps_position_listener
[0.108s] [ 50%] Built target debug_vect_advertiser
[0.108s] [ 66%] Built target sensor_combined_listener
[0.108s] [ 83%] Built target offboard_control_srv
[0.114s] [ 83%] Built target ament_cmake_python_copy_px4_ros_com
[0.118s] [ 91%] [32mBuilding CXX object CMakeFiles/offboard_control.dir/src/examples/offboard/offboard_control.cpp.o[0m
[0.328s] running egg_info
[0.329s] writing px4_ros_com.egg-info/PKG-INFO
[0.329s] writing dependency_links to px4_ros_com.egg-info/dependency_links.txt
[0.329s] writing top-level names to px4_ros_com.egg-info/top_level.txt
[0.330s] reading manifest file 'px4_ros_com.egg-info/SOURCES.txt'
[0.331s] writing manifest file 'px4_ros_com.egg-info/SOURCES.txt'
[0.373s] [ 91%] Built target ament_cmake_python_build_px4_ros_com_egg
[2.962s] [01m[K/home/nardaiv/px4ros2_ws/src/px4_ros_com/src/examples/offboard/offboard_control.cpp:[m[K In constructor â€˜[01m[KOffboardControl::OffboardControl()[m[Kâ€™:
[2.962s] [01m[K/home/nardaiv/px4ros2_ws/src/px4_ros_com/src/examples/offboard/offboard_control.cpp:80:17:[m[K [01;31m[Kerror: [m[Kexpected â€˜[01m[K;[m[Kâ€™ before â€˜[01m[Koffboard_setpoint_counter_[m[Kâ€™
[2.962s]    80 |                 [01;31m[Koffboard_setpoint_counter_[m[K = 0;
[2.962s]       |                 [01;31m[K^~~~~~~~~~~~~~~~~~~~~~~~~~[m[K
[6.422s] gmake[2]: *** [CMakeFiles/offboard_control.dir/build.make:76: CMakeFiles/offboard_control.dir/src/examples/offboard/offboard_control.cpp.o] Error 1
[6.422s] gmake[1]: *** [CMakeFiles/Makefile2:254: CMakeFiles/offboard_control.dir/all] Error 2
[6.422s] gmake: *** [Makefile:146: all] Error 2
[6.425s] Invoked command in '/home/nardaiv/px4ros2_ws/build/px4_ros_com' returned '2': AMENT_PREFIX_PATH=/home/nardaiv/px4ros2_ws/install/px4_msgs:${AMENT_PREFIX_PATH} CMAKE_PREFIX_PATH=/home/nardaiv/px4ros2_ws/install/px4_msgs:/opt/ros/humble LD_LIBRARY_PATH=/home/nardaiv/px4ros2_ws/install/px4_msgs/lib:${LD_LIBRARY_PATH} PYTHONPATH=/home/nardaiv/px4ros2_ws/install/px4_msgs/local/lib/python3.10/dist-packages:${PYTHONPATH} /usr/bin/cmake --build /home/nardaiv/px4ros2_ws/build/px4_ros_com -- -j12 -l12
