[0.052s] Invoking command in '/home/nardaiv/px4ros2_ws/build/px4_ros_com': AMENT_PREFIX_PATH=/home/nardaiv/px4ros2_ws/install/px4_msgs:${AMENT_PREFIX_PATH} CMAKE_PREFIX_PATH=/home/nardaiv/px4ros2_ws/install/px4_msgs:/opt/ros/humble LD_LIBRARY_PATH=/home/nardaiv/px4ros2_ws/install/px4_msgs/lib:${LD_LIBRARY_PATH} PYTHONPATH=/home/nardaiv/px4ros2_ws/install/px4_msgs/local/lib/python3.10/dist-packages:${PYTHONPATH} /usr/bin/cmake --build /home/nardaiv/px4ros2_ws/build/px4_ros_com -- -j12 -l12
[0.074s] -- Found ament_cmake: 1.3.11 (/opt/ros/humble/share/ament_cmake/cmake)
[0.180s] -- Found builtin_interfaces: 1.2.1 (/opt/ros/humble/share/builtin_interfaces/cmake)
[0.298s] -- Found rosidl_generator_c: 3.1.6 (/opt/ros/humble/share/rosidl_generator_c/cmake)
[0.299s] -- Found rosidl_adapter: 3.1.6 (/opt/ros/humble/share/rosidl_adapter/cmake)
[0.304s] -- Found rosidl_generator_cpp: 3.1.6 (/opt/ros/humble/share/rosidl_generator_cpp/cmake)
[0.313s] -- Using all available rosidl_typesupport_c: rosidl_typesupport_fastrtps_c;rosidl_typesupport_introspection_c
[0.324s] -- Using all available rosidl_typesupport_cpp: rosidl_typesupport_fastrtps_cpp;rosidl_typesupport_introspection_cpp
[0.334s] -- Found eigen3_cmake_module: 0.1.1 (/opt/ros/humble/share/eigen3_cmake_module/cmake)
[0.335s] -- Found geometry_msgs: 4.2.4 (/opt/ros/humble/share/geometry_msgs/cmake)
[0.356s] -- Found px4_msgs: 2.0.1 (/home/nardaiv/px4ros2_ws/install/px4_msgs/share/px4_msgs/cmake)
[0.365s] -- Found rclcpp: 16.0.11 (/opt/ros/humble/share/rclcpp/cmake)
[0.386s] -- Found rmw_implementation_cmake: 6.1.2 (/opt/ros/humble/share/rmw_implementation_cmake/cmake)
[0.387s] -- Found rmw_fastrtps_cpp: 6.2.7 (/opt/ros/humble/share/rmw_fastrtps_cpp/cmake)
[3.261s] -- Using RMW implementation 'rmw_fastrtps_cpp' as default
[3.297s] -- Found sensor_msgs: 4.2.4 (/opt/ros/humble/share/sensor_msgs/cmake)
[3.311s] -- Found rclpy: 3.3.15 (/opt/ros/humble/share/rclpy/cmake)
[3.317s] -- Found ament_lint_auto: 0.12.11 (/opt/ros/humble/share/ament_lint_auto/cmake)
[3.371s] -- Added test 'copyright' to check source files copyright and LICENSE
[3.374s] -- Added test 'cppcheck' to perform static code analysis on C / C++ code
[3.374s] -- Configured cppcheck include dirs: /home/nardaiv/px4ros2_ws/src/px4_ros_com/include;$<BUILD_INTERFACE:/home/nardaiv/px4ros2_ws/src/px4_ros_com/include/px4_ros_com>
[3.374s] -- Configured cppcheck exclude dirs and/or files: 
[3.376s] -- Added test 'cpplint' to check C / C++ code against the Google style
[3.376s] -- Configured cpplint exclude dirs and/or files: 
[3.377s] -- Added test 'flake8' to check Python code syntax and style conventions
[3.377s] -- Added test 'lint_cmake' to check CMake code style
[3.378s] -- Added test 'pep257' to check Python code against some of the docstring style conventions in PEP 257
[3.380s] -- Added test 'uncrustify' to check C / C++ code style
[3.380s] -- Configured uncrustify additional arguments: 
[3.380s] -- Added test 'xmllint' to check XML markup files
[3.381s] -- Configuring done
[3.407s] -- Generating done
[3.416s] -- Build files have been written to: /home/nardaiv/px4ros2_ws/build/px4_ros_com
[3.444s] [35m[1mConsolidate compiler generated dependencies of target frame_transforms[0m
[3.452s] [35m[1mConsolidate compiler generated dependencies of target sensor_combined_listener[0m
[3.452s] [35m[1mConsolidate compiler generated dependencies of target debug_vect_advertiser[0m
[3.452s] [35m[1mConsolidate compiler generated dependencies of target vehicle_gps_position_listener[0m
[3.452s] [35m[1mConsolidate compiler generated dependencies of target offboard_control_srv[0m
[3.454s] [35m[1mConsolidate compiler generated dependencies of target offboard_control[0m
[3.464s] [ 16%] Built target frame_transforms
[3.470s] [ 33%] Built target ament_cmake_python_copy_px4_ros_com
[3.471s] [ 33%] Built target vehicle_gps_position_listener
[3.471s] [ 50%] Built target sensor_combined_listener
[3.475s] [ 66%] Built target debug_vect_advertiser
[3.483s] [ 83%] Built target offboard_control_srv
[3.483s] [ 91%] [32mBuilding CXX object CMakeFiles/offboard_control.dir/src/examples/offboard/offboard_control.cpp.o[0m
[3.685s] running egg_info
[3.685s] writing px4_ros_com.egg-info/PKG-INFO
[3.686s] writing dependency_links to px4_ros_com.egg-info/dependency_links.txt
[3.686s] writing top-level names to px4_ros_com.egg-info/top_level.txt
[3.687s] reading manifest file 'px4_ros_com.egg-info/SOURCES.txt'
[3.687s] writing manifest file 'px4_ros_com.egg-info/SOURCES.txt'
[3.715s] [ 91%] Built target ament_cmake_python_build_px4_ros_com_egg
[12.951s] [100%] [32m[1mLinking CXX executable offboard_control[0m
[13.303s] /usr/bin/ld: CMakeFiles/offboard_control.dir/src/examples/offboard/offboard_control.cpp.o: in function `__static_initialization_and_destruction_0(int, int)':
[13.304s] offboard_control.cpp:(.text+0xbfb): undefined reference to `px4_ros_com::frame_transforms::utils::quaternion::quaternion_from_euler(double, double, double)'
[13.304s] /usr/bin/ld: offboard_control.cpp:(.text+0xc1e): undefined reference to `px4_ros_com::frame_transforms::utils::quaternion::quaternion_from_euler(double, double, double)'
[13.360s] collect2: error: ld returned 1 exit status
[13.362s] gmake[2]: *** [CMakeFiles/offboard_control.dir/build.make:183: offboard_control] Error 1
[13.362s] gmake[1]: *** [CMakeFiles/Makefile2:254: CMakeFiles/offboard_control.dir/all] Error 2
[13.362s] gmake: *** [Makefile:146: all] Error 2
[13.365s] Invoked command in '/home/nardaiv/px4ros2_ws/build/px4_ros_com' returned '2': AMENT_PREFIX_PATH=/home/nardaiv/px4ros2_ws/install/px4_msgs:${AMENT_PREFIX_PATH} CMAKE_PREFIX_PATH=/home/nardaiv/px4ros2_ws/install/px4_msgs:/opt/ros/humble LD_LIBRARY_PATH=/home/nardaiv/px4ros2_ws/install/px4_msgs/lib:${LD_LIBRARY_PATH} PYTHONPATH=/home/nardaiv/px4ros2_ws/install/px4_msgs/local/lib/python3.10/dist-packages:${PYTHONPATH} /usr/bin/cmake --build /home/nardaiv/px4ros2_ws/build/px4_ros_com -- -j12 -l12
