[0.058s] Invoking command in '/home/nardaiv/px4ros2_ws/build/px4_ros_com': AMENT_PREFIX_PATH=/home/nardaiv/px4ros2_ws/install/px4_msgs:${AMENT_PREFIX_PATH} CMAKE_PREFIX_PATH=/home/nardaiv/px4ros2_ws/install/px4_msgs:/opt/ros/humble LD_LIBRARY_PATH=/home/nardaiv/px4ros2_ws/install/px4_msgs/lib:${LD_LIBRARY_PATH} PYTHONPATH=/home/nardaiv/px4ros2_ws/install/px4_msgs/local/lib/python3.10/dist-packages:${PYTHONPATH} /usr/bin/cmake --build /home/nardaiv/px4ros2_ws/build/px4_ros_com -- -j12 -l12
[0.098s] [35m[1mConsolidate compiler generated dependencies of target frame_transforms[0m
[0.114s] [ 25%] Built target vehicle_gps_position_listener
[0.114s] [ 50%] Built target sensor_combined_listener
[0.114s] [ 50%] Built target debug_vect_advertiser
[0.115s] [ 58%] [32mBuilding CXX object CMakeFiles/offboard_control.dir/src/examples/offboard/offboard_control.cpp.o[0m
[0.116s] [ 75%] Built target offboard_control_srv
[0.119s] [ 83%] [32mBuilding CXX object CMakeFiles/frame_transforms.dir/src/lib/frame_transforms.cpp.o[0m
[0.119s] [ 83%] Built target ament_cmake_python_copy_px4_ros_com
[0.333s] In file included from [01m[K/home/nardaiv/px4ros2_ws/src/px4_ros_com/src/examples/offboard/offboard_control.cpp:46[m[K:
[0.334s] [01m[K/home/nardaiv/px4ros2_ws/src/px4_ros_com/include/px4_ros_com/frame_transforms.h:51:10:[m[K [01;31m[Kfatal error: [m[Kgeometry_msgs/msg/pose_with_covariance.hpp: No such file or directory
[0.334s]    51 | #include [01;31m[K<geometry_msgs/msg/pose_with_covariance.hpp>[m[K
[0.334s]       |          [01;31m[K^~~~~~~~~~~~~~~~~~~~~~~~~~~~~~~~~~~~~~~~~~~~[m[K
[0.334s] compilation terminated.
[0.346s] gmake[2]: *** [CMakeFiles/offboard_control.dir/build.make:76: CMakeFiles/offboard_control.dir/src/examples/offboard/offboard_control.cpp.o] Error 1
[0.346s] gmake[1]: *** [CMakeFiles/Makefile2:254: CMakeFiles/offboard_control.dir/all] Error 2
[0.346s] gmake[1]: *** Waiting for unfinished jobs....
[0.357s] running egg_info
[0.357s] writing px4_ros_com.egg-info/PKG-INFO
[0.357s] writing dependency_links to px4_ros_com.egg-info/dependency_links.txt
[0.358s] writing top-level names to px4_ros_com.egg-info/top_level.txt
[0.359s] reading manifest file 'px4_ros_com.egg-info/SOURCES.txt'
[0.359s] writing manifest file 'px4_ros_com.egg-info/SOURCES.txt'
[0.394s] [ 83%] Built target ament_cmake_python_build_px4_ros_com_egg
[5.991s] [ 91%] [32m[1mLinking CXX shared library libframe_transforms.so[0m
[6.229s] gmake: *** [Makefile:146: all] Error 2
[6.229s] [ 91%] Built target frame_transforms
[6.232s] Invoked command in '/home/nardaiv/px4ros2_ws/build/px4_ros_com' returned '2': AMENT_PREFIX_PATH=/home/nardaiv/px4ros2_ws/install/px4_msgs:${AMENT_PREFIX_PATH} CMAKE_PREFIX_PATH=/home/nardaiv/px4ros2_ws/install/px4_msgs:/opt/ros/humble LD_LIBRARY_PATH=/home/nardaiv/px4ros2_ws/install/px4_msgs/lib:${LD_LIBRARY_PATH} PYTHONPATH=/home/nardaiv/px4ros2_ws/install/px4_msgs/local/lib/python3.10/dist-packages:${PYTHONPATH} /usr/bin/cmake --build /home/nardaiv/px4ros2_ws/build/px4_ros_com -- -j12 -l12
