[35m[1mConsolidate compiler generated dependencies of target offboard_control[0m
[ 58%] Built target frame_transforms
[ 58%] Built target debug_vect_advertiser
[ 58%] Built target sensor_combined_listener
[ 66%] Built target vehicle_gps_position_listener
[ 83%] Built target offboard_control_srv
[ 83%] Built target ament_cmake_python_copy_px4_ros_com
[ 91%] [32mBuilding CXX object CMakeFiles/offboard_control.dir/src/examples/offboard/offboard_control.cpp.o[0m
running egg_info
writing px4_ros_com.egg-info/PKG-INFO
writing dependency_links to px4_ros_com.egg-info/dependency_links.txt
writing top-level names to px4_ros_com.egg-info/top_level.txt
reading manifest file 'px4_ros_com.egg-info/SOURCES.txt'
writing manifest file 'px4_ros_com.egg-info/SOURCES.txt'
[ 91%] Built target ament_cmake_python_build_px4_ros_com_egg
[01m[K/home/nardaiv/px4ros2_ws/src/px4_ros_com/src/examples/offboard/offboard_control.cpp:[m[K In constructor â€˜[01m[KOffboardControl::OffboardControl()[m[Kâ€™:
[01m[K/home/nardaiv/px4ros2_ws/src/px4_ros_com/src/examples/offboard/offboard_control.cpp:70:59:[m[K [01;31m[Kerror: [m[Kâ€˜[01m[KVehicleOdometry[m[Kâ€™ was not declared in this scope
   70 |                 subscription_ = this->create_subscription<[01;31m[KVehicleOdometry[m[K>("/fmu/out/vehicle_odometry", qos,
      |                                                           [01;31m[K^~~~~~~~~~~~~~~[m[K
[01m[K/home/nardaiv/px4ros2_ws/src/px4_ros_com/src/examples/offboard/offboard_control.cpp:71:30:[m[K [01;31m[Kerror: [m[Kâ€˜[01m[KVehicleOdometry[m[Kâ€™ does not name a type
   71 |                 [this](const [01;31m[KVehicleOdometry[m[K::UniquePtr msg) {
      |                              [01;31m[K^~~~~~~~~~~~~~~[m[K
[01m[K/home/nardaiv/px4ros2_ws/src/px4_ros_com/src/examples/offboard/offboard_control.cpp:[m[K In lambda function:
[01m[K/home/nardaiv/px4ros2_ws/src/px4_ros_com/src/examples/offboard/offboard_control.cpp:100:19:[m[K [01;31m[Kerror: [m[Kexpected â€˜[01m[K{[m[Kâ€™ before â€˜[01m[K;[m[Kâ€™ token
  100 |                 })[01;31m[K;[m[K
      |                   [01;31m[K^[m[K
[01m[K/home/nardaiv/px4ros2_ws/src/px4_ros_com/src/examples/offboard/offboard_control.cpp:[m[K In constructor â€˜[01m[KOffboardControl::OffboardControl()[m[Kâ€™:
[01m[K/home/nardaiv/px4ros2_ws/src/px4_ros_com/src/examples/offboard/offboard_control.cpp:100:19:[m[K [01;31m[Kerror: [m[Kexpected â€˜[01m[K)[m[Kâ€™ before â€˜[01m[K;[m[Kâ€™ token
[01m[K/home/nardaiv/px4ros2_ws/src/px4_ros_com/src/examples/offboard/offboard_control.cpp:70:75:[m[K [01;36m[Knote: [m[Kto match this â€˜[01m[K([m[Kâ€™
   70 |                 subscription_ = this->create_subscription<VehicleOdometry>[01;36m[K([m[K"/fmu/out/vehicle_odometry", qos,
      |                                                                           [01;36m[K^[m[K
gmake[2]: *** [CMakeFiles/offboard_control.dir/build.make:76: CMakeFiles/offboard_control.dir/src/examples/offboard/offboard_control.cpp.o] Error 1
gmake[1]: *** [CMakeFiles/Makefile2:254: CMakeFiles/offboard_control.dir/all] Error 2
gmake: *** [Makefile:146: all] Error 2
