[ 41%] Built target frame_transforms
[ 41%] Built target debug_vect_advertiser
[ 50%] Built target sensor_combined_listener
[ 66%] Built target vehicle_gps_position_listener
[ 83%] Built target offboard_control_srv
[ 83%] Built target ament_cmake_python_copy_px4_ros_com
[35m[1mConsolidate compiler generated dependencies of target offboard_control[0m
[ 91%] [32mBuilding CXX object CMakeFiles/offboard_control.dir/src/examples/offboard/offboard_control.cpp.o[0m
running egg_info
writing px4_ros_com.egg-info/PKG-INFO
writing dependency_links to px4_ros_com.egg-info/dependency_links.txt
writing top-level names to px4_ros_com.egg-info/top_level.txt
reading manifest file 'px4_ros_com.egg-info/SOURCES.txt'
writing manifest file 'px4_ros_com.egg-info/SOURCES.txt'
[ 91%] Built target ament_cmake_python_build_px4_ros_com_egg
In file included from [01m[K/opt/ros/humble/include/rclcpp/rclcpp/logging.hpp:24[m[K,
                 from [01m[K/opt/ros/humble/include/rclcpp/rclcpp/client.hpp:40[m[K,
                 from [01m[K/opt/ros/humble/include/rclcpp/rclcpp/callback_group.hpp:24[m[K,
                 from [01m[K/opt/ros/humble/include/rclcpp/rclcpp/any_executable.hpp:20[m[K,
                 from [01m[K/opt/ros/humble/include/rclcpp/rclcpp/memory_strategy.hpp:25[m[K,
                 from [01m[K/opt/ros/humble/include/rclcpp/rclcpp/memory_strategies.hpp:18[m[K,
                 from [01m[K/opt/ros/humble/include/rclcpp/rclcpp/executor_options.hpp:20[m[K,
                 from [01m[K/opt/ros/humble/include/rclcpp/rclcpp/executor.hpp:37[m[K,
                 from [01m[K/opt/ros/humble/include/rclcpp/rclcpp/executors/multi_threaded_executor.hpp:25[m[K,
                 from [01m[K/opt/ros/humble/include/rclcpp/rclcpp/executors.hpp:21[m[K,
                 from [01m[K/opt/ros/humble/include/rclcpp/rclcpp/rclcpp.hpp:155[m[K,
                 from [01m[K/home/nardaiv/px4ros2_ws/src/px4_ros_com/src/examples/offboard/offboard_control.cpp:47[m[K:
[01m[K/home/nardaiv/px4ros2_ws/src/px4_ros_com/src/examples/offboard/offboard_control.cpp:[m[K In lambda function:
[01m[K/home/nardaiv/px4ros2_ws/src/px4_ros_com/src/examples/offboard/offboard_control.cpp:180:78:[m[K [01;31m[Kerror: [m[Kexpected â€˜[01m[K)[m[Kâ€™ before â€˜[01m[Kcurrent_stage[m[Kâ€™
  180 |                RCLCPP_INFO(this->get_logger(), "%d" [01;31m[Kcurrent_stage[m[K);
      |                                                     [01;31m[K^~~~~~~~~~~~~[m[K

[01m[K/home/nardaiv/px4ros2_ws/src/px4_ros_com/src/examples/offboard/offboard_control.cpp:180:41:[m[K [01;36m[Knote: [m[Kto match this â€˜[01m[K([m[Kâ€™
  180 |                                         [01;36m[KRCLCPP_INFO[m[K(this->get_logger(), "%d" current_stage);
      |                                         [01;36m[K^~~~~~~~~~~[m[K
[01m[K/home/nardaiv/px4ros2_ws/src/px4_ros_com/src/examples/offboard/offboard_control.cpp:180:73:[m[K [01;35m[Kwarning: [m[Kformat â€˜[01m[K%d[m[Kâ€™ expects a matching â€˜[01m[Kint[m[Kâ€™ argument [[01;35m[K]8;;https://gcc.gnu.org/onlinedocs/gcc/Warning-Options.html#index-Wformat=-Wformat=]8;;[m[K]
  180 |                     RCLCPP_INFO(this->get_logger(), [01;35m[K"%d"[m[K current_stage);
      |                                                     [01;35m[K^~~~[m[K

[01m[K/home/nardaiv/px4ros2_ws/src/px4_ros_com/src/examples/offboard/offboard_control.cpp:180:75:[m[K [01;36m[Knote: [m[Kformat string is defined here
  180 |                   RCLCPP_INFO(this->get_logger(), "[01;36m[K%d[m[K" current_stage);
      |                                                    [01;36m[K~^[m[K
      |                                                     [01;36m[K|[m[K
      |                                                     [01;36m[Kint[m[K

gmake[2]: *** [CMakeFiles/offboard_control.dir/build.make:76: CMakeFiles/offboard_control.dir/src/examples/offboard/offboard_control.cpp.o] Error 1
gmake[1]: *** [CMakeFiles/Makefile2:254: CMakeFiles/offboard_control.dir/all] Error 2
gmake: *** [Makefile:146: all] Error 2
