[01m[K/home/nardaiv/px4ros2_ws/src/px4_ros_com/src/examples/offboard/offboard_control.cpp:[m[K In constructor â€˜[01m[KOffboardControl::OffboardControl()[m[Kâ€™:
[01m[K/home/nardaiv/px4ros2_ws/src/px4_ros_com/src/examples/offboard/offboard_control.cpp:70:59:[m[K [01;31m[Kerror: [m[Kâ€˜[01m[KVehicleOdometry[m[Kâ€™ was not declared in this scope
   70 |                 subscription_ = this->create_subscription<[01;31m[KVehicleOdometry[m[K>("/fmu/out/vehicle_odometry", qos,
      |                                                           [01;31m[K^~~~~~~~~~~~~~~[m[K
[01m[K/home/nardaiv/px4ros2_ws/src/px4_ros_com/src/examples/offboard/offboard_control.cpp:71:30:[m[K [01;31m[Kerror: [m[Kâ€˜[01m[KVehicleOdometry[m[Kâ€™ does not name a type
   71 |                 [this](const [01;31m[KVehicleOdometry[m[K::UniquePtr msg) {
      |                              [01;31m[K^~~~~~~~~~~~~~~[m[K
[01m[K/home/nardaiv/px4ros2_ws/src/px4_ros_com/src/examples/offboard/offboard_control.cpp:[m[K In lambda function:
[01m[K/home/nardaiv/px4ros2_ws/src/px4_ros_com/src/examples/offboard/offboard_control.cpp:100:19:[m[K [01;31m[Kerror: [m[Kexpected â€˜[01m[K{[m[Kâ€™ before â€˜[01m[K;[m[Kâ€™ token
  100 |                 })[01;31m[K;[m[K
      |                   [01;31m[K^[m[K
[01m[K/home/nardaiv/px4ros2_ws/src/px4_ros_com/src/examples/offboard/offboard_control.cpp:[m[K In constructor â€˜[01m[KOffboardControl::OffboardControl()[m[Kâ€™:
[01m[K/home/nardaiv/px4ros2_ws/src/px4_ros_com/src/examples/offboard/offboard_control.cpp:100:19:[m[K [01;31m[Kerror: [m[Kexpected â€˜[01m[K)[m[Kâ€™ before â€˜[01m[K;[m[Kâ€™ token
[01m[K/home/nardaiv/px4ros2_ws/src/px4_ros_com/src/examples/offboard/offboard_control.cpp:70:75:[m[K [01;36m[Knote: [m[Kto match this â€˜[01m[K([m[Kâ€™
   70 |                 subscription_ = this->create_subscription<VehicleOdometry>[01;36m[K([m[K"/fmu/out/vehicle_odometry", qos,
      |                                                                           [01;36m[K^[m[K
gmake[2]: *** [CMakeFiles/offboard_control.dir/build.make:76: CMakeFiles/offboard_control.dir/src/examples/offboard/offboard_control.cpp.o] Error 1
gmake[1]: *** [CMakeFiles/Makefile2:254: CMakeFiles/offboard_control.dir/all] Error 2
gmake: *** [Makefile:146: all] Error 2
