[0.045s] Invoking command in '/home/nardaiv/px4ros2_ws/build/px4_ros_com': AMENT_PREFIX_PATH=/home/nardaiv/px4ros2_ws/install/px4_msgs:${AMENT_PREFIX_PATH} CMAKE_PREFIX_PATH=/home/nardaiv/px4ros2_ws/install/px4_msgs:/opt/ros/humble LD_LIBRARY_PATH=/home/nardaiv/px4ros2_ws/install/px4_msgs/lib:${LD_LIBRARY_PATH} PYTHONPATH=/home/nardaiv/px4ros2_ws/install/px4_msgs/local/lib/python3.10/dist-packages:${PYTHONPATH} /usr/bin/cmake --build /home/nardaiv/px4ros2_ws/build/px4_ros_com -- -j12 -l12
[0.066s] -- Found ament_cmake: 1.3.11 (/opt/ros/humble/share/ament_cmake/cmake)
[0.168s] -- Found builtin_interfaces: 1.2.1 (/opt/ros/humble/share/builtin_interfaces/cmake)
[0.277s] -- Found rosidl_generator_c: 3.1.6 (/opt/ros/humble/share/rosidl_generator_c/cmake)
[0.279s] -- Found rosidl_adapter: 3.1.6 (/opt/ros/humble/share/rosidl_adapter/cmake)
[0.284s] -- Found rosidl_generator_cpp: 3.1.6 (/opt/ros/humble/share/rosidl_generator_cpp/cmake)
[0.292s] -- Using all available rosidl_typesupport_c: rosidl_typesupport_fastrtps_c;rosidl_typesupport_introspection_c
[0.302s] -- Using all available rosidl_typesupport_cpp: rosidl_typesupport_fastrtps_cpp;rosidl_typesupport_introspection_cpp
[0.312s] -- Found eigen3_cmake_module: 0.1.1 (/opt/ros/humble/share/eigen3_cmake_module/cmake)
[0.313s] -- Found geometry_msgs: 4.2.4 (/opt/ros/humble/share/geometry_msgs/cmake)
[0.335s] -- Found px4_msgs: 2.0.1 (/home/nardaiv/px4ros2_ws/install/px4_msgs/share/px4_msgs/cmake)
[0.345s] -- Found rclcpp: 16.0.11 (/opt/ros/humble/share/rclcpp/cmake)
[0.365s] -- Found rmw_implementation_cmake: 6.1.2 (/opt/ros/humble/share/rmw_implementation_cmake/cmake)
[0.366s] -- Found rmw_fastrtps_cpp: 6.2.7 (/opt/ros/humble/share/rmw_fastrtps_cpp/cmake)
[3.359s] -- Using RMW implementation 'rmw_fastrtps_cpp' as default
[3.388s] -- Found sensor_msgs: 4.2.4 (/opt/ros/humble/share/sensor_msgs/cmake)
[3.401s] -- Found rclpy: 3.3.15 (/opt/ros/humble/share/rclpy/cmake)
[3.407s] -- Found ament_lint_auto: 0.12.11 (/opt/ros/humble/share/ament_lint_auto/cmake)
[3.462s] -- Added test 'copyright' to check source files copyright and LICENSE
[3.464s] -- Added test 'cppcheck' to perform static code analysis on C / C++ code
[3.465s] -- Configured cppcheck include dirs: /home/nardaiv/px4ros2_ws/src/px4_ros_com/include;$<BUILD_INTERFACE:/home/nardaiv/px4ros2_ws/src/px4_ros_com/include/px4_ros_com>
[3.465s] -- Configured cppcheck exclude dirs and/or files: 
[3.466s] -- Added test 'cpplint' to check C / C++ code against the Google style
[3.466s] -- Configured cpplint exclude dirs and/or files: 
[3.467s] -- Added test 'flake8' to check Python code syntax and style conventions
[3.467s] -- Added test 'lint_cmake' to check CMake code style
[3.468s] -- Added test 'pep257' to check Python code against some of the docstring style conventions in PEP 257
[3.470s] -- Added test 'uncrustify' to check C / C++ code style
[3.470s] -- Configured uncrustify additional arguments: 
[3.470s] -- Added test 'xmllint' to check XML markup files
[3.471s] -- Configuring done
[3.493s] -- Generating done
[3.502s] -- Build files have been written to: /home/nardaiv/px4ros2_ws/build/px4_ros_com
[3.528s] [35m[1mConsolidate compiler generated dependencies of target frame_transforms[0m
[3.529s] [35m[1mConsolidate compiler generated dependencies of target debug_vect_advertiser[0m
[3.529s] [35m[1mConsolidate compiler generated dependencies of target offboard_control_srv[0m
[3.531s] [35m[1mConsolidate compiler generated dependencies of target vehicle_gps_position_listener[0m
[3.532s] [35m[1mConsolidate compiler generated dependencies of target offboard_control[0m
[3.541s] [35m[1mConsolidate compiler generated dependencies of target sensor_combined_listener[0m
[3.550s] [ 16%] Built target frame_transforms
[3.550s] [ 16%] Built target ament_cmake_python_copy_px4_ros_com
[3.551s] [ 41%] Built target debug_vect_advertiser
[3.551s] [ 50%] Built target offboard_control_srv
[3.552s] [ 58%] [32mBuilding CXX object CMakeFiles/offboard_control.dir/src/examples/offboard/offboard_control.cpp.o[0m
[3.552s] [ 75%] Built target sensor_combined_listener
[3.553s] [ 91%] Built target vehicle_gps_position_listener
[3.763s] In file included from [01m[K/home/nardaiv/px4ros2_ws/src/px4_ros_com/src/examples/offboard/offboard_control.cpp:46[m[K:
[3.763s] [01m[K/home/nardaiv/px4ros2_ws/src/px4_ros_com/include/px4_ros_com/frame_transforms.h:54:10:[m[K [01;31m[Kfatal error: [m[Ksensor_msgs/msg/imu.hpp: No such file or directory
[3.763s]    54 | #include [01;31m[K<sensor_msgs/msg/imu.hpp>[m[K
[3.763s]       |          [01;31m[K^~~~~~~~~~~~~~~~~~~~~~~~~[m[K
[3.763s] compilation terminated.
[3.774s] gmake[2]: *** [CMakeFiles/offboard_control.dir/build.make:76: CMakeFiles/offboard_control.dir/src/examples/offboard/offboard_control.cpp.o] Error 1
[3.775s] running egg_info
[3.775s] gmake[1]: *** [CMakeFiles/Makefile2:254: CMakeFiles/offboard_control.dir/all] Error 2
[3.775s] gmake[1]: *** Waiting for unfinished jobs....
[3.775s] writing px4_ros_com.egg-info/PKG-INFO
[3.776s] writing dependency_links to px4_ros_com.egg-info/dependency_links.txt
[3.776s] writing top-level names to px4_ros_com.egg-info/top_level.txt
[3.778s] reading manifest file 'px4_ros_com.egg-info/SOURCES.txt'
[3.778s] writing manifest file 'px4_ros_com.egg-info/SOURCES.txt'
[3.800s] [ 91%] Built target ament_cmake_python_build_px4_ros_com_egg
[3.801s] gmake: *** [Makefile:146: all] Error 2
[3.803s] Invoked command in '/home/nardaiv/px4ros2_ws/build/px4_ros_com' returned '2': AMENT_PREFIX_PATH=/home/nardaiv/px4ros2_ws/install/px4_msgs:${AMENT_PREFIX_PATH} CMAKE_PREFIX_PATH=/home/nardaiv/px4ros2_ws/install/px4_msgs:/opt/ros/humble LD_LIBRARY_PATH=/home/nardaiv/px4ros2_ws/install/px4_msgs/lib:${LD_LIBRARY_PATH} PYTHONPATH=/home/nardaiv/px4ros2_ws/install/px4_msgs/local/lib/python3.10/dist-packages:${PYTHONPATH} /usr/bin/cmake --build /home/nardaiv/px4ros2_ws/build/px4_ros_com -- -j12 -l12
