[35m[1mConsolidate compiler generated dependencies of target frame_transforms[0m
[ 33%] Built target debug_vect_advertiser
[ 33%] Built target sensor_combined_listener
[ 50%] Built target vehicle_gps_position_listener
[ 58%] [32mBuilding CXX object CMakeFiles/offboard_control.dir/src/examples/offboard/offboard_control.cpp.o[0m
[ 75%] Built target offboard_control_srv
[ 83%] Built target ament_cmake_python_copy_px4_ros_com
[ 83%] [32mBuilding CXX object CMakeFiles/frame_transforms.dir/src/lib/frame_transforms.cpp.o[0m
In file included from [01m[K/home/nardaiv/px4ros2_ws/src/px4_ros_com/src/examples/offboard/offboard_control.cpp:46[m[K:
[01m[K/home/nardaiv/px4ros2_ws/src/px4_ros_com/include/px4_ros_com/frame_transforms.h:50:10:[m[K [01;31m[Kfatal error: [m[Kgeometry_msgs/msg/point.hpp: No such file or directory
   50 | #include [01;31m[K<geometry_msgs/msg/point.hpp>[m[K
      |          [01;31m[K^~~~~~~~~~~~~~~~~~~~~~~~~~~~~[m[K
compilation terminated.
gmake[2]: *** [CMakeFiles/offboard_control.dir/build.make:76: CMakeFiles/offboard_control.dir/src/examples/offboard/offboard_control.cpp.o] Error 1
gmake[1]: *** [CMakeFiles/Makefile2:254: CMakeFiles/offboard_control.dir/all] Error 2
gmake[1]: *** Waiting for unfinished jobs....
running egg_info
writing px4_ros_com.egg-info/PKG-INFO
writing dependency_links to px4_ros_com.egg-info/dependency_links.txt
writing top-level names to px4_ros_com.egg-info/top_level.txt
reading manifest file 'px4_ros_com.egg-info/SOURCES.txt'
writing manifest file 'px4_ros_com.egg-info/SOURCES.txt'
[ 83%] Built target ament_cmake_python_build_px4_ros_com_egg
[ 91%] [32m[1mLinking CXX shared library libframe_transforms.so[0m
[ 91%] Built target frame_transforms
gmake: *** [Makefile:146: all] Error 2
