[0.062s] Invoking command in '/home/nardaiv/px4ros2_ws/build/px4_ros_com': CMAKE_PREFIX_PATH=/home/nardaiv/px4ros2_ws/install/px4_msgs:/home/nardaiv/px4ros2_ws/install/px4_ros_com:/opt/ros/humble LD_LIBRARY_PATH=/home/nardaiv/px4ros2_ws/install/px4_msgs/lib:/home/nardaiv/px4ros2_ws/install/px4_ros_com/lib:/opt/ros/humble/opt/rviz_ogre_vendor/lib:/opt/ros/humble/lib/x86_64-linux-gnu:/opt/ros/humble/lib /usr/bin/cmake --build /home/nardaiv/px4ros2_ws/build/px4_ros_com -- -j12 -l12
[0.105s] [35m[1mConsolidate compiler generated dependencies of target offboard_control[0m
[0.116s] [ 33%] Built target debug_vect_advertiser
[0.117s] [ 41%] Built target sensor_combined_listener
[0.117s] [ 66%] Built target vehicle_gps_position_listener
[0.117s] [ 58%] Built target offboard_control_srv
[0.117s] [ 83%] Built target frame_transforms
[0.123s] [ 83%] Built target ament_cmake_python_copy_px4_ros_com
[0.124s] [ 91%] [32mBuilding CXX object CMakeFiles/offboard_control.dir/src/examples/offboard/offboard_control.cpp.o[0m
[0.359s] running egg_info
[0.360s] writing px4_ros_com.egg-info/PKG-INFO
[0.360s] writing dependency_links to px4_ros_com.egg-info/dependency_links.txt
[0.361s] writing top-level names to px4_ros_com.egg-info/top_level.txt
[0.364s] reading manifest file 'px4_ros_com.egg-info/SOURCES.txt'
[0.365s] writing manifest file 'px4_ros_com.egg-info/SOURCES.txt'
[0.416s] [ 91%] Built target ament_cmake_python_build_px4_ros_com_egg
[2.771s] [01m[K/home/nardaiv/px4ros2_ws/src/px4_ros_com/src/examples/offboard/offboard_control.cpp:174:30:[m[K [01;31m[Kerror: [m[Kâ€˜[01m[KVehicleLocalPosition[m[Kâ€™ was not declared in this scope
[2.771s]   174 |         rclcpp::Subscription<[01;31m[KVehicleLocalPosition[m[K>::SharedPtr subscription_;
[2.771s]       |                              [01;31m[K^~~~~~~~~~~~~~~~~~~~[m[K
[2.771s] [01m[K/home/nardaiv/px4ros2_ws/src/px4_ros_com/src/examples/offboard/offboard_control.cpp:174:50:[m[K [01;31m[Kerror: [m[Ktemplate argument 1 is invalid
[2.771s]   174 |         rclcpp::Subscription<VehicleLocalPosition[01;31m[K>[m[K::SharedPtr subscription_;
[2.771s]       |                                                  [01;31m[K^[m[K
[2.771s] [01m[K/home/nardaiv/px4ros2_ws/src/px4_ros_com/src/examples/offboard/offboard_control.cpp:174:50:[m[K [01;31m[Kerror: [m[Ktemplate argument 3 is invalid
[2.771s] [01m[K/home/nardaiv/px4ros2_ws/src/px4_ros_com/src/examples/offboard/offboard_control.cpp:174:50:[m[K [01;31m[Kerror: [m[Ktemplate argument 4 is invalid
[2.771s] [01m[K/home/nardaiv/px4ros2_ws/src/px4_ros_com/src/examples/offboard/offboard_control.cpp:174:50:[m[K [01;31m[Kerror: [m[Ktemplate argument 5 is invalid
[2.779s] [01m[K/home/nardaiv/px4ros2_ws/src/px4_ros_com/src/examples/offboard/offboard_control.cpp:174:53:[m[K [01;31m[Kerror: [m[Kexpected â€˜[01m[K;[m[Kâ€™ at end of member declaration
[2.780s]   174 |         rclcpp::Subscription<VehicleLocalPosition>::[01;31m[KSharedPtr[m[K subscription_;
[2.780s]       |                                                     [01;31m[K^~~~~~~~~[m[K
[2.780s]       |                                                              [32m[K;[m[K
[2.782s] [01m[K/home/nardaiv/px4ros2_ws/src/px4_ros_com/src/examples/offboard/offboard_control.cpp:174:63:[m[K [01;31m[Kerror: [m[Kâ€˜[01m[Ksubscription_[m[Kâ€™ does not name a type; did you mean â€˜[01m[Krmw_subscription_t[m[Kâ€™?
[2.782s]   174 |         rclcpp::Subscription<VehicleLocalPosition>::SharedPtr [01;31m[Ksubscription_[m[K;
[2.782s]       |                                                               [01;31m[K^~~~~~~~~~~~~[m[K
[2.782s]       |                                                               [32m[Krmw_subscription_t[m[K
[2.806s] [01m[K/home/nardaiv/px4ros2_ws/src/px4_ros_com/src/examples/offboard/offboard_control.cpp:[m[K In constructor â€˜[01m[KOffboardControl::OffboardControl()[m[Kâ€™:
[2.806s] [01m[K/home/nardaiv/px4ros2_ws/src/px4_ros_com/src/examples/offboard/offboard_control.cpp:71:17:[m[K [01;31m[Kerror: [m[Kâ€˜[01m[Ksubscription_[m[Kâ€™ was not declared in this scope; did you mean â€˜[01m[Krmw_subscription_t[m[Kâ€™?
[2.806s]    71 |                 [01;31m[Ksubscription_[m[K = this->create_subscription<VehicleOdometry>("/fmu/out/vehicle_odometry", qos,
[2.806s]       |                 [01;31m[K^~~~~~~~~~~~~[m[K
[2.806s]       |                 [32m[Krmw_subscription_t[m[K
[6.054s] gmake[2]: *** [CMakeFiles/offboard_control.dir/build.make:76: CMakeFiles/offboard_control.dir/src/examples/offboard/offboard_control.cpp.o] Error 1
[6.054s] gmake[1]: *** [CMakeFiles/Makefile2:254: CMakeFiles/offboard_control.dir/all] Error 2
[6.054s] gmake: *** [Makefile:146: all] Error 2
[6.057s] Invoked command in '/home/nardaiv/px4ros2_ws/build/px4_ros_com' returned '2': CMAKE_PREFIX_PATH=/home/nardaiv/px4ros2_ws/install/px4_msgs:/home/nardaiv/px4ros2_ws/install/px4_ros_com:/opt/ros/humble LD_LIBRARY_PATH=/home/nardaiv/px4ros2_ws/install/px4_msgs/lib:/home/nardaiv/px4ros2_ws/install/px4_ros_com/lib:/opt/ros/humble/opt/rviz_ogre_vendor/lib:/opt/ros/humble/lib/x86_64-linux-gnu:/opt/ros/humble/lib /usr/bin/cmake --build /home/nardaiv/px4ros2_ws/build/px4_ros_com -- -j12 -l12
