[0.056s] Invoking command in '/home/nardaiv/px4ros2_ws/build/px4_ros_com': CMAKE_PREFIX_PATH=/home/nardaiv/px4ros2_ws/install/px4_msgs:/home/nardaiv/px4ros2_ws/install/px4_ros_com:/opt/ros/humble LD_LIBRARY_PATH=/home/nardaiv/px4ros2_ws/install/px4_msgs/lib:/home/nardaiv/px4ros2_ws/install/px4_ros_com/lib:/opt/ros/humble/opt/rviz_ogre_vendor/lib:/opt/ros/humble/lib/x86_64-linux-gnu:/opt/ros/humble/lib /usr/bin/cmake --build /home/nardaiv/px4ros2_ws/build/px4_ros_com -- -j12 -l12
[0.096s] [35m[1mConsolidate compiler generated dependencies of target offboard_control[0m
[0.108s] [ 33%] Built target debug_vect_advertiser
[0.108s] [ 33%] Built target vehicle_gps_position_listener
[0.110s] [ 50%] Built target offboard_control_srv
[0.110s] [ 66%] Built target sensor_combined_listener
[0.110s] [ 83%] Built target frame_transforms
[0.111s] [ 83%] Built target ament_cmake_python_copy_px4_ros_com
[0.119s] [ 91%] [32mBuilding CXX object CMakeFiles/offboard_control.dir/src/examples/offboard/offboard_control.cpp.o[0m
[0.334s] running egg_info
[0.335s] writing px4_ros_com.egg-info/PKG-INFO
[0.335s] writing dependency_links to px4_ros_com.egg-info/dependency_links.txt
[0.335s] writing top-level names to px4_ros_com.egg-info/top_level.txt
[0.336s] reading manifest file 'px4_ros_com.egg-info/SOURCES.txt'
[0.336s] writing manifest file 'px4_ros_com.egg-info/SOURCES.txt'
[0.364s] [ 91%] Built target ament_cmake_python_build_px4_ros_com_egg
[2.246s] [01m[K/home/nardaiv/px4ros2_ws/src/px4_ros_com/src/examples/offboard/offboard_control.cpp:[m[K In lambda function:
[2.246s] [01m[K/home/nardaiv/px4ros2_ws/src/px4_ros_com/src/examples/offboard/offboard_control.cpp:92:41:[m[K [01;31m[Kerror: [m[Kexpected â€˜[01m[K;[m[Kâ€™ before â€˜[01m[Kcurrent_stage[m[Kâ€™
[2.246s]    92 |                                         [01;31m[Kcurrent_stage[m[K++;
[2.246s]       |                                         [01;31m[K^~~~~~~~~~~~~[m[K
[3.202s] gmake[2]: *** [CMakeFiles/offboard_control.dir/build.make:76: CMakeFiles/offboard_control.dir/src/examples/offboard/offboard_control.cpp.o] Error 1
[3.202s] gmake[1]: *** [CMakeFiles/Makefile2:254: CMakeFiles/offboard_control.dir/all] Error 2
[3.202s] gmake: *** [Makefile:146: all] Error 2
[3.204s] Invoked command in '/home/nardaiv/px4ros2_ws/build/px4_ros_com' returned '2': CMAKE_PREFIX_PATH=/home/nardaiv/px4ros2_ws/install/px4_msgs:/home/nardaiv/px4ros2_ws/install/px4_ros_com:/opt/ros/humble LD_LIBRARY_PATH=/home/nardaiv/px4ros2_ws/install/px4_msgs/lib:/home/nardaiv/px4ros2_ws/install/px4_ros_com/lib:/opt/ros/humble/opt/rviz_ogre_vendor/lib:/opt/ros/humble/lib/x86_64-linux-gnu:/opt/ros/humble/lib /usr/bin/cmake --build /home/nardaiv/px4ros2_ws/build/px4_ros_com -- -j12 -l12
