[0.057s] Invoking command in '/home/nardaiv/px4ros2_ws/build/px4_ros_com': AMENT_PREFIX_PATH=/home/nardaiv/px4ros2_ws/install/px4_msgs:${AMENT_PREFIX_PATH} CMAKE_PREFIX_PATH=/home/nardaiv/px4ros2_ws/install/px4_msgs:/opt/ros/humble LD_LIBRARY_PATH=/home/nardaiv/px4ros2_ws/install/px4_msgs/lib:${LD_LIBRARY_PATH} PYTHONPATH=/home/nardaiv/px4ros2_ws/install/px4_msgs/local/lib/python3.10/dist-packages:${PYTHONPATH} /usr/bin/cmake --build /home/nardaiv/px4ros2_ws/build/px4_ros_com -- -j12 -l12
[0.093s] [35m[1mConsolidate compiler generated dependencies of target offboard_control[0m
[0.106s] [ 33%] Built target offboard_control_srv
[0.107s] [ 33%] Built target vehicle_gps_position_listener
[0.108s] [ 50%] Built target frame_transforms
[0.108s] [ 50%] Built target ament_cmake_python_copy_px4_ros_com
[0.108s] [ 66%] Built target debug_vect_advertiser
[0.109s] [ 83%] Built target sensor_combined_listener
[0.115s] [ 91%] [32mBuilding CXX object CMakeFiles/offboard_control.dir/src/examples/offboard/offboard_control.cpp.o[0m
[0.219s] In file included from [01m[K/home/nardaiv/px4ros2_ws/src/px4_ros_com/src/examples/offboard/offboard_control.cpp:46[m[K:
[0.219s] [01m[K/home/nardaiv/px4ros2_ws/src/px4_ros_com/include/px4_ros_com/frame_transforms.h:45:10:[m[K [01;31m[Kfatal error: [m[KEigen/Eigen: No such file or directory
[0.219s]    45 | #include [01;31m[K<Eigen/Eigen>[m[K
[0.220s]       |          [01;31m[K^~~~~~~~~~~~~[m[K
[0.220s] compilation terminated.
[0.229s] gmake[2]: *** [CMakeFiles/offboard_control.dir/build.make:76: CMakeFiles/offboard_control.dir/src/examples/offboard/offboard_control.cpp.o] Error 1
[0.230s] gmake[1]: *** [CMakeFiles/Makefile2:254: CMakeFiles/offboard_control.dir/all] Error 2
[0.230s] gmake[1]: *** Waiting for unfinished jobs....
[0.311s] running egg_info
[0.312s] writing px4_ros_com.egg-info/PKG-INFO
[0.312s] writing dependency_links to px4_ros_com.egg-info/dependency_links.txt
[0.312s] writing top-level names to px4_ros_com.egg-info/top_level.txt
[0.313s] reading manifest file 'px4_ros_com.egg-info/SOURCES.txt'
[0.314s] writing manifest file 'px4_ros_com.egg-info/SOURCES.txt'
[0.342s] [ 91%] Built target ament_cmake_python_build_px4_ros_com_egg
[0.343s] gmake: *** [Makefile:146: all] Error 2
[0.345s] Invoked command in '/home/nardaiv/px4ros2_ws/build/px4_ros_com' returned '2': AMENT_PREFIX_PATH=/home/nardaiv/px4ros2_ws/install/px4_msgs:${AMENT_PREFIX_PATH} CMAKE_PREFIX_PATH=/home/nardaiv/px4ros2_ws/install/px4_msgs:/opt/ros/humble LD_LIBRARY_PATH=/home/nardaiv/px4ros2_ws/install/px4_msgs/lib:${LD_LIBRARY_PATH} PYTHONPATH=/home/nardaiv/px4ros2_ws/install/px4_msgs/local/lib/python3.10/dist-packages:${PYTHONPATH} /usr/bin/cmake --build /home/nardaiv/px4ros2_ws/build/px4_ros_com -- -j12 -l12
