[0.063s] Invoking command in '/home/nardaiv/px4ros2_ws/build/px4_ros_com': AMENT_PREFIX_PATH=/home/nardaiv/px4ros2_ws/install/px4_msgs:${AMENT_PREFIX_PATH} CMAKE_PREFIX_PATH=/home/nardaiv/px4ros2_ws/install/px4_msgs:/opt/ros/humble LD_LIBRARY_PATH=/home/nardaiv/px4ros2_ws/install/px4_msgs/lib:${LD_LIBRARY_PATH} PYTHONPATH=/home/nardaiv/px4ros2_ws/install/px4_msgs/local/lib/python3.10/dist-packages:${PYTHONPATH} /usr/bin/cmake --build /home/nardaiv/px4ros2_ws/build/px4_ros_com -- -j12 -l12
[0.100s] [35m[1mConsolidate compiler generated dependencies of target frame_transforms[0m
[0.114s] [ 33%] Built target sensor_combined_listener
[0.114s] [ 33%] Built target vehicle_gps_position_listener
[0.114s] [ 50%] Built target debug_vect_advertiser
[0.115s] [ 66%] Built target offboard_control_srv
[0.116s] [ 66%] Built target ament_cmake_python_copy_px4_ros_com
[0.118s] [ 83%] Built target frame_transforms
[0.130s] [35m[1mConsolidate compiler generated dependencies of target offboard_control[0m
[0.152s] [ 91%] [32mBuilding CXX object CMakeFiles/offboard_control.dir/src/examples/offboard/offboard_control.cpp.o[0m
[0.351s] running egg_info
[0.351s] writing px4_ros_com.egg-info/PKG-INFO
[0.351s] writing dependency_links to px4_ros_com.egg-info/dependency_links.txt
[0.351s] writing top-level names to px4_ros_com.egg-info/top_level.txt
[0.352s] reading manifest file 'px4_ros_com.egg-info/SOURCES.txt'
[0.353s] writing manifest file 'px4_ros_com.egg-info/SOURCES.txt'
[0.385s] [ 91%] Built target ament_cmake_python_build_px4_ros_com_egg
[3.354s] [01m[K/home/nardaiv/px4ros2_ws/src/px4_ros_com/src/examples/offboard/offboard_control.cpp:[m[K In lambda function:
[3.355s] [01m[K/home/nardaiv/px4ros2_ws/src/px4_ros_com/src/examples/offboard/offboard_control.cpp:79:113:[m[K [01;31m[Kerror: [m[Kinvalid initialization of reference of type â€˜[01m[Kconst Quaterniond&[m[Kâ€™ {aka â€˜[01m[Kconst Eigen::Quaternion<double>&[m[Kâ€™} from expression of type â€˜[01m[Kpx4_msgs::msg::VehicleOdometry_<std::allocator<void> >::_q_type[m[Kâ€™ {aka â€˜[01m[Kstd::array<float, 4>[m[Kâ€™}
[3.355s]    79 | rame_transforms::utils::quaternion::quaternion_get_yaw([01;31m[Kmsg->q[m[K);
[3.355s]       |                                                        [01;31m[K~~~~~^[m[K
[3.355s] 
[3.355s] In file included from [01m[K/home/nardaiv/px4ros2_ws/src/px4_ros_com/src/examples/offboard/offboard_control.cpp:46[m[K:
[3.355s] [01m[K/home/nardaiv/px4ros2_ws/src/px4_ros_com/include/px4_ros_com/frame_transforms.h:139:53:[m[K [01;36m[Knote: [m[Kin passing argument 1 of â€˜[01m[Kdouble px4_ros_com::frame_transforms::utils::quaternion::quaternion_get_yaw(const Quaterniond&)[m[Kâ€™
[3.355s]   139 | double quaternion_get_yaw([01;36m[Kconst Eigen::Quaterniond &q[m[K);
[3.355s]       |                           [01;36m[K~~~~~~~~~~~~~~~~~~~~~~~~~~^[m[K
[5.841s] gmake[2]: *** [CMakeFiles/offboard_control.dir/build.make:76: CMakeFiles/offboard_control.dir/src/examples/offboard/offboard_control.cpp.o] Error 1
[5.841s] gmake[1]: *** [CMakeFiles/Makefile2:254: CMakeFiles/offboard_control.dir/all] Error 2
[5.841s] gmake: *** [Makefile:146: all] Error 2
[5.844s] Invoked command in '/home/nardaiv/px4ros2_ws/build/px4_ros_com' returned '2': AMENT_PREFIX_PATH=/home/nardaiv/px4ros2_ws/install/px4_msgs:${AMENT_PREFIX_PATH} CMAKE_PREFIX_PATH=/home/nardaiv/px4ros2_ws/install/px4_msgs:/opt/ros/humble LD_LIBRARY_PATH=/home/nardaiv/px4ros2_ws/install/px4_msgs/lib:${LD_LIBRARY_PATH} PYTHONPATH=/home/nardaiv/px4ros2_ws/install/px4_msgs/local/lib/python3.10/dist-packages:${PYTHONPATH} /usr/bin/cmake --build /home/nardaiv/px4ros2_ws/build/px4_ros_com -- -j12 -l12
