[0.062s] Invoking command in '/home/nardaiv/px4ros2_ws/build/px4_ros_com': AMENT_PREFIX_PATH=/home/nardaiv/px4ros2_ws/install/px4_msgs:${AMENT_PREFIX_PATH} CMAKE_PREFIX_PATH=/home/nardaiv/px4ros2_ws/install/px4_msgs:/opt/ros/humble LD_LIBRARY_PATH=/home/nardaiv/px4ros2_ws/install/px4_msgs/lib:${LD_LIBRARY_PATH} PYTHONPATH=/home/nardaiv/px4ros2_ws/install/px4_msgs/local/lib/python3.10/dist-packages:${PYTHONPATH} /usr/bin/cmake --build /home/nardaiv/px4ros2_ws/build/px4_ros_com -- -j12 -l12
[0.115s] [ 33%] Built target offboard_control_srv
[0.115s] [ 33%] Built target vehicle_gps_position_listener
[0.115s] [ 41%] [32mBuilding CXX object CMakeFiles/frame_transforms.dir/src/lib/frame_transforms.cpp.o[0m
[0.115s] [ 58%] Built target debug_vect_advertiser
[0.115s] [ 66%] [32mBuilding CXX object CMakeFiles/offboard_control.dir/src/examples/offboard/offboard_control.cpp.o[0m
[0.116s] [ 83%] Built target sensor_combined_listener
[0.120s] [ 83%] Built target ament_cmake_python_copy_px4_ros_com
[0.122s] In file included from [01m[K/home/nardaiv/px4ros2_ws/src/px4_ros_com/src/lib/frame_transforms.cpp:41[m[K:
[0.122s] [01m[K/home/nardaiv/px4ros2_ws/src/px4_ros_com/include/px4_ros_com/frame_transforms.h:45:10:[m[K [01;31m[Kfatal error: [m[KEigen3/Eigen: No such file or directory
[0.122s]    45 | #include [01;31m[K<Eigen3/Eigen>[m[K
[0.122s]       |          [01;31m[K^~~~~~~~~~~~~~[m[K
[0.123s] compilation terminated.
[0.123s] gmake[2]: *** [CMakeFiles/frame_transforms.dir/build.make:76: CMakeFiles/frame_transforms.dir/src/lib/frame_transforms.cpp.o] Error 1
[0.124s] gmake[1]: *** [CMakeFiles/Makefile2:150: CMakeFiles/frame_transforms.dir/all] Error 2
[0.124s] gmake[1]: *** Waiting for unfinished jobs....
[0.219s] In file included from [01m[K/home/nardaiv/px4ros2_ws/src/px4_ros_com/src/examples/offboard/offboard_control.cpp:46[m[K:
[0.219s] [01m[K/home/nardaiv/px4ros2_ws/src/px4_ros_com/include/px4_ros_com/frame_transforms.h:45:10:[m[K [01;31m[Kfatal error: [m[KEigen3/Eigen: No such file or directory
[0.219s]    45 | #include [01;31m[K<Eigen3/Eigen>[m[K
[0.219s]       |          [01;31m[K^~~~~~~~~~~~~~[m[K
[0.219s] compilation terminated.
[0.221s] gmake[2]: *** [CMakeFiles/offboard_control.dir/build.make:76: CMakeFiles/offboard_control.dir/src/examples/offboard/offboard_control.cpp.o] Error 1
[0.221s] gmake[1]: *** [CMakeFiles/Makefile2:254: CMakeFiles/offboard_control.dir/all] Error 2
[0.337s] running egg_info
[0.337s] writing px4_ros_com.egg-info/PKG-INFO
[0.338s] writing dependency_links to px4_ros_com.egg-info/dependency_links.txt
[0.338s] writing top-level names to px4_ros_com.egg-info/top_level.txt
[0.339s] reading manifest file 'px4_ros_com.egg-info/SOURCES.txt'
[0.340s] writing manifest file 'px4_ros_com.egg-info/SOURCES.txt'
[0.370s] [ 83%] Built target ament_cmake_python_build_px4_ros_com_egg
[0.371s] gmake: *** [Makefile:146: all] Error 2
[0.373s] Invoked command in '/home/nardaiv/px4ros2_ws/build/px4_ros_com' returned '2': AMENT_PREFIX_PATH=/home/nardaiv/px4ros2_ws/install/px4_msgs:${AMENT_PREFIX_PATH} CMAKE_PREFIX_PATH=/home/nardaiv/px4ros2_ws/install/px4_msgs:/opt/ros/humble LD_LIBRARY_PATH=/home/nardaiv/px4ros2_ws/install/px4_msgs/lib:${LD_LIBRARY_PATH} PYTHONPATH=/home/nardaiv/px4ros2_ws/install/px4_msgs/local/lib/python3.10/dist-packages:${PYTHONPATH} /usr/bin/cmake --build /home/nardaiv/px4ros2_ws/build/px4_ros_com -- -j12 -l12
